mode: set
app/pkg/domain/converter/converter.go:36.80,39.16 2 1
app/pkg/domain/converter/converter.go:43.2,45.21 3 1
app/pkg/domain/converter/converter.go:60.2,60.20 1 1
app/pkg/domain/converter/converter.go:67.2,67.26 1 1
app/pkg/domain/converter/converter.go:70.2,70.12 1 1
app/pkg/domain/converter/converter.go:39.16,41.3 1 0
app/pkg/domain/converter/converter.go:45.21,47.17 2 1
app/pkg/domain/converter/converter.go:50.3,51.26 2 1
app/pkg/domain/converter/converter.go:47.17,49.4 1 0
app/pkg/domain/converter/converter.go:51.26,53.18 2 1
app/pkg/domain/converter/converter.go:56.4,56.43 1 1
app/pkg/domain/converter/converter.go:53.18,55.5 1 1
app/pkg/domain/converter/converter.go:60.20,62.17 2 1
app/pkg/domain/converter/converter.go:62.17,64.4 1 0
app/pkg/domain/converter/converter.go:67.26,69.3 1 0
app/pkg/domain/converter/converter.go:73.50,75.2 1 1
app/pkg/domain/converter/converter.go:77.68,86.16 6 1
app/pkg/domain/converter/converter.go:89.2,91.16 3 1
app/pkg/domain/converter/converter.go:94.2,95.16 2 1
app/pkg/domain/converter/converter.go:98.2,101.28 4 1
app/pkg/domain/converter/converter.go:105.2,105.22 1 1
app/pkg/domain/converter/converter.go:86.16,88.3 1 1
app/pkg/domain/converter/converter.go:91.16,93.3 1 1
app/pkg/domain/converter/converter.go:95.16,97.3 1 1
app/pkg/domain/converter/converter.go:101.28,103.3 1 1
app/pkg/adapter/db/queries.go:20.73,22.2 1 1
app/pkg/adapter/db/queries.go:24.80,28.9 4 1
app/pkg/adapter/db/queries.go:37.2,39.29 2 1
app/pkg/adapter/db/queries.go:49.2,51.12 2 1
app/pkg/adapter/db/queries.go:28.9,31.17 3 1
app/pkg/adapter/db/queries.go:34.3,34.34 1 1
app/pkg/adapter/db/queries.go:31.17,33.4 1 0
app/pkg/adapter/db/queries.go:39.29,48.3 8 1
app/pkg/adapter/db/queries.go:54.64,56.30 2 1
app/pkg/adapter/db/queries.go:63.2,63.40 1 1
app/pkg/adapter/db/queries.go:56.30,58.41 2 1
app/pkg/adapter/db/queries.go:61.3,61.75 1 1
app/pkg/adapter/db/queries.go:58.41,60.4 1 1
app/pkg/adapter/db/queries.go:66.33,67.36 1 1
app/pkg/adapter/db/queries.go:73.2,73.21 1 1
app/pkg/adapter/db/queries.go:67.36,69.17 2 1
app/pkg/adapter/db/queries.go:69.17,71.4 1 0
app/pkg/adapter/db/connect.go:13.44,15.16 2 1
app/pkg/adapter/db/connect.go:19.2,19.13 1 1
app/pkg/adapter/db/connect.go:15.16,17.3 1 1
app/pkg/adapter/db/connect.go:22.44,25.23 2 1
app/pkg/adapter/db/connect.go:29.2,29.20 1 1
app/pkg/adapter/db/connect.go:47.2,47.85 1 1
app/pkg/adapter/db/connect.go:25.23,27.3 1 1
app/pkg/adapter/db/connect.go:30.17,33.17 3 1
app/pkg/adapter/db/connect.go:37.3,37.20 1 1
app/pkg/adapter/db/connect.go:44.3,44.64 1 1
app/pkg/adapter/db/connect.go:33.17,35.4 1 0
app/pkg/adapter/db/connect.go:37.20,39.18 2 1
app/pkg/adapter/db/connect.go:39.18,41.5 1 1
app/pkg/adapter/db/init.go:20.55,24.2 3 1
